生成启动时间为 2019/10/27 21:31:35。
     1>项目“D:\Summer\20191027\20191027\20191027.vcxproj”在节点 2 上(Build 个目标)。
     1>ClCompile:
         E:\Download\VC\bin\CL.exe /c /ZI /nologo /W3 /WX- /sdl /Od /Oy- /D WIN32 /D _DEBUG /D _CONSOLE /D _LIB /D _UNICODE /D UNICODE /Gm /EHsc /RTC1 /MDd /GS /fp:precise /Zc:wchar_t /Zc:forScope /Fo"Debug\\" /Fd"Debug\vc120.pdb" /Gd /TP /analyze- /errorReport:prompt main.cpp
         main.cpp
     1>d:\summer\20191027\20191027\main.cpp(16): error C2270: “>”: 非成员函数上不允许修饰符
     1>d:\summer\20191027\20191027\main.cpp(16): error C2805: 二进制“operator >”的参数太少
     1>d:\summer\20191027\20191027\main.cpp(16): error C2065: “_year”: 未声明的标识符
     1>d:\summer\20191027\20191027\main.cpp(16): error C2248: “Date::_year”: 无法访问 private 成员(在“Date”类中声明)
                 d:\summer\20191027\20191027\main.cpp(13) : 参见“Date::_year”的声明
                 d:\summer\20191027\20191027\main.cpp(3) : 参见“Date”的声明
     1>d:\summer\20191027\20191027\main.cpp(16): error C2065: “year”: 未声明的标识符
     1>d:\summer\20191027\20191027\main.cpp(16): error C2039: “year”: 不是“Date”的成员
                 d:\summer\20191027\20191027\main.cpp(3) : 参见“Date”的声明
     1>d:\summer\20191027\20191027\main.cpp(16): error C2065: “month”: 未声明的标识符
     1>d:\summer\20191027\20191027\main.cpp(16): error C2039: “month”: 不是“Date”的成员
                 d:\summer\20191027\20191027\main.cpp(3) : 参见“Date”的声明
                 d:\summer\20191027\20191027\main.cpp(3) : 参见“Date”的声明
     1>已完成生成项目“D:\Summer\20191027\20191027\20191027.vcxproj”(Build 个目标)的操作 - 失败。

生成失败。

已用时间 00:00:02.05
