生成启动时间为 2020/3/12 14:20:46。
     1>项目“D:\Summer\vector\vector\vector.vcxproj”在节点 2 上(Build 个目标)。
     1>ClCompile:
         E:\Download\VC\bin\CL.exe /c /ZI /nologo /W3 /WX- /sdl /Od /Oy- /D WIN32 /D _DEBUG /D _CONSOLE /D _LIB /D _UNICODE /D UNICODE /Gm /EHsc /RTC1 /MDd /GS /fp:precise /Zc:wchar_t /Zc:forScope /Fo"Debug\\" /Fd"Debug\vc120.pdb" /Gd /TP /analyze- /errorReport:prompt test.cpp
         test.cpp
     1>d:\summer\vector\vector\test.cpp(61): error C2556: “const int &Vector<int>::operator [](size_t)”: 重载函数与“int &Vector<int>::operator [](size_t)”只是在返回类型上不同
                 d:\summer\vector\vector\test.cpp(54) : 参见“Vector<int>::operator []”的声明
                 d:\summer\vector\vector\test.cpp(82): 参见对正在编译的类 模板 实例化“Vector<int>”的引用
     1>d:\summer\vector\vector\test.cpp(61): error C2373: “Vector<int>::operator []”: 重定义；不同的类型修饰符
                 d:\summer\vector\vector\test.cpp(54) : 参见“Vector<int>::operator []”的声明
     1>d:\summer\vector\vector\test.cpp(62): error C2059: 语法错误:“!”
     1>d:\summer\vector\vector\test.cpp(62): error C2238: 意外的标记位于“;”之前
     1>d:\summer\vector\vector\test.cpp(63): error C2059: 语法错误:“return”
     1>d:\summer\vector\vector\test.cpp(63): error C2238: 意外的标记位于“;”之前
     1>d:\summer\vector\vector\test.cpp(65): error C2143: 语法错误 : 缺少“;”(在“private”的前面)
     1>已完成生成项目“D:\Summer\vector\vector\vector.vcxproj”(Build 个目标)的操作 - 失败。

生成失败。

已用时间 00:00:00.43
